#
# There is insufficient memory for the Java Runtime Environment to continue.
# Native memory allocation (mmap) failed to map 132120576 bytes for Failed to commit area from 0x0000000082400000 to 0x000000008a200000 of length 132120576.
# Possible reasons:
#   The system is out of physical RAM or swap space
#   The process is running with CompressedOops enabled, and the Java Heap may be blocking the growth of the native heap
# Possible solutions:
#   Reduce memory load on the system
#   Increase physical memory or swap space
#   Check if swap backing store is full
#   Decrease Java heap size (-Xmx/-Xms)
#   Decrease number of Java threads
#   Decrease Java thread stack sizes (-Xss)
#   Set larger code cache with -XX:ReservedCodeCacheSize=
# This output file may be truncated or incomplete.
#
#  Out of Memory Error (./src/hotspot/os/windows/os_windows.cpp:3619), pid=5176, tid=12808
#
# JRE version:  (11.0.13) (build )
# Java VM: OpenJDK 64-Bit Server VM (11.0.13+0-b1751.21-8125866, mixed mode, sharing, tiered, compressed oops, g1 gc, windows-amd64)
# No core dump will be written. Minidumps are not enabled by default on client versions of Windows
#

---------------  S U M M A R Y ------------

Command Line: org.jetbrains.kotlin.cli.jvm.K2JVMCompiler @C:\Users\cse21-050\Desktop\Github\Calculator-App\app\build\20230109_14426173034747127229.compiler.options

Host: Intel(R) Core(TM) i5-8265U CPU @ 1.60GHz, 8 cores, 7G,  Windows 11 , 64 bit Build 22621 (10.0.22621.963)
Time: Mon Jan  9 11:09:20 2023 South Africa Standard Time elapsed time: 0.022154 seconds (0d 0h 0m 0s)

---------------  T H R E A D  ---------------

Current thread (0x000001fe690ec000):  JavaThread "Unknown thread" [_thread_in_vm, id=12808, stack(0x0000002404800000,0x0000002404900000)]

Stack: [0x0000002404800000,0x0000002404900000]
Native frames: (J=compiled Java code, j=interpreted, Vv=VM code, C=native code)
V  [jvm.dll+0x6100fa]
V  [jvm.dll+0x747090]
V  [jvm.dll+0x7486ad]
V  [jvm.dll+0x748d83]
V  [jvm.dll+0x24ab48]
V  [jvm.dll+0x60d164]
V  [jvm.dll+0x601e75]
V  [jvm.dll+0x308bdb]
V  [jvm.dll+0x308b4a]
V  [jvm.dll+0x308a22]
V  [jvm.dll+0x30d986]
V  [jvm.dll+0x357093]
V  [jvm.dll+0x357796]
V  [jvm.dll+0x357193]
V  [jvm.dll+0x2e3448]
V  [jvm.dll+0x2e45f7]
V  [jvm.dll+0x7242e7]
V  [jvm.dll+0x725adc]
V  [jvm.dll+0x364629]
V  [jvm.dll+0x707cee]
V  [jvm.dll+0x3d2633]
V  [jvm.dll+0x3d4a21]
C  [jli.dll+0x536b]
C  [ucrtbase.dll+0x29363]
C  [KERNEL32.DLL+0x126bd]
C  [ntdll.dll+0x5dfb8]


---------------  P R O C E S S  ---------------

Threads class SMR info:
_java_thread_list=0x000001fe69007860, length=0, elements={
}

Java Threads: ( => current thread )

Other Threads:
  0x000001fe6b2b0800 GCTaskThread "GC Thread#0" [stack: 0x0000002404900000,0x0000002404a00000] [id=5804]
  0x000001fe6b2e1000 ConcurrentGCThread "G1 Main Marker" [stack: 0x0000002404a00000,0x0000002404b00000] [id=10548]
  0x000001fe6b2e5000 ConcurrentGCThread "G1 Conc#0" [stack: 0x0000002404b00000,0x0000002404c00000] [id=1508]

[error occurred during error reporting (printing all threads), id 0xc0000005, EXCEPTION_ACCESS_VIOLATION (0xc0000005) at pc=0x00007ffb8de33dd7]

VM state:not at safepoint (not fully initialized)

VM Mutex/Monitor currently owned by a thread:  ([mutex/lock_event])
[0x000001fe6b299560] Heap_lock - owner thread: 0x000001fe690ec000

Heap address: 0x0000000082400000, size: 2012 MB, Compressed Oops mode: Non-zero based: 0x0000000082400000
Narrow klass base: 0x0000000000000000, Narrow klass shift: 0

GC Heap History (0 events):
No events

Deoptimization events (0 events):
No events

Classes redefined (0 events):
No events

Internal exceptions (0 events):
No events

Events (1 events):
Event: 0.014 Loaded shared library C:\Program Files\Android\Android Studio\jre\bin\zip.dll


Dynamic libraries:
0x00007ff6600d0000 - 0x00007ff6600da000 	C:\Program Files\Android\Android Studio\jre\bin\java.exe
0x00007ffbd7ab0000 - 0x00007ffbd7cc4000 	C:\WINDOWS\SYSTEM32\ntdll.dll
0x00007ffbd6000000 - 0x00007ffbd60c3000 	C:\WINDOWS\System32\KERNEL32.DLL
0x00007ffbd4ed0000 - 0x00007ffbd526d000 	C:\WINDOWS\System32\KERNELBASE.dll
0x00007ffbcb000000 - 0x00007ffbcb019000 	C:\Program Files\Android\Android Studio\jre\bin\jli.dll
0x00007ffbd5710000 - 0x00007ffbd5821000 	C:\WINDOWS\System32\ucrtbase.dll
0x00007ffbca0a0000 - 0x00007ffbca0b7000 	C:\Program Files\Android\Android Studio\jre\bin\VCRUNTIME140.dll
0x00007ffbd5e50000 - 0x00007ffbd5ffd000 	C:\WINDOWS\System32\USER32.dll
0x00007ffbd55c0000 - 0x00007ffbd55e6000 	C:\WINDOWS\System32\win32u.dll
0x00007ffbb4fa0000 - 0x00007ffbb522e000 	C:\WINDOWS\WinSxS\amd64_microsoft.windows.common-controls_6595b64144ccf1df_6.0.22621.608_none_a9444ca7c10bb01d\COMCTL32.dll
0x00007ffbd7420000 - 0x00007ffbd7449000 	C:\WINDOWS\System32\GDI32.dll
0x00007ffbd6320000 - 0x00007ffbd63c7000 	C:\WINDOWS\System32\msvcrt.dll
0x00007ffbd55f0000 - 0x00007ffbd5702000 	C:\WINDOWS\System32\gdi32full.dll
0x00007ffbd53b0000 - 0x00007ffbd544a000 	C:\WINDOWS\System32\msvcp_win.dll
0x00007ffbd62e0000 - 0x00007ffbd6312000 	C:\WINDOWS\System32\IMM32.DLL
0x00007ffbaa890000 - 0x00007ffbaa92d000 	C:\Program Files\Android\Android Studio\jre\bin\msvcp140.dll
0x00007ffb8db40000 - 0x00007ffb8e642000 	C:\Program Files\Android\Android Studio\jre\bin\server\jvm.dll
0x00007ffbd6fb0000 - 0x00007ffbd705e000 	C:\WINDOWS\System32\ADVAPI32.dll
0x00007ffbd7130000 - 0x00007ffbd71d4000 	C:\WINDOWS\System32\sechost.dll
0x00007ffbd58b0000 - 0x00007ffbd59c5000 	C:\WINDOWS\System32\RPCRT4.dll
0x00007ffbd75f0000 - 0x00007ffbd75f8000 	C:\WINDOWS\System32\PSAPI.DLL
0x00007ffbcfa00000 - 0x00007ffbcfa09000 	C:\WINDOWS\SYSTEM32\WSOCK32.dll
0x00007ffbca900000 - 0x00007ffbca934000 	C:\WINDOWS\SYSTEM32\WINMM.dll
0x00007ffbc9410000 - 0x00007ffbc941a000 	C:\WINDOWS\SYSTEM32\VERSION.dll
0x00007ffbd73a0000 - 0x00007ffbd7411000 	C:\WINDOWS\System32\WS2_32.dll
0x00007ffbd3e10000 - 0x00007ffbd3e28000 	C:\WINDOWS\SYSTEM32\kernel.appcore.dll
0x00007ffbcf9e0000 - 0x00007ffbcf9f1000 	C:\Program Files\Android\Android Studio\jre\bin\verify.dll
0x00007ffbd26e0000 - 0x00007ffbd290e000 	C:\WINDOWS\SYSTEM32\DBGHELP.DLL
0x00007ffbd76c0000 - 0x00007ffbd7a4a000 	C:\WINDOWS\System32\combase.dll
0x00007ffbd6430000 - 0x00007ffbd6507000 	C:\WINDOWS\System32\OLEAUT32.dll
0x00007ffbb6f10000 - 0x00007ffbb6f42000 	C:\WINDOWS\SYSTEM32\dbgcore.DLL
0x00007ffbd5330000 - 0x00007ffbd53ab000 	C:\WINDOWS\System32\bcryptPrimitives.dll
0x00007ffbcf930000 - 0x00007ffbcf959000 	C:\Program Files\Android\Android Studio\jre\bin\java.dll
0x00007ffbcf100000 - 0x00007ffbcf10b000 	C:\Program Files\Android\Android Studio\jre\bin\jimage.dll
0x00007ffbcb8f0000 - 0x00007ffbcb908000 	C:\Program Files\Android\Android Studio\jre\bin\zip.dll

dbghelp: loaded successfully - version: 4.0.5 - missing functions: none
symbol engine: initialized successfully - sym options: 0x614 - pdb path: .;C:\Program Files\Android\Android Studio\jre\bin;C:\WINDOWS\SYSTEM32;C:\WINDOWS\WinSxS\amd64_microsoft.windows.common-controls_6595b64144ccf1df_6.0.22621.608_none_a9444ca7c10bb01d;C:\Program Files\Android\Android Studio\jre\bin\server

VM Arguments:
java_command: org.jetbrains.kotlin.cli.jvm.K2JVMCompiler @C:\Users\cse21-050\Desktop\Github\Calculator-App\app\build\20230109_14426173034747127229.compiler.options
java_class_path (initial): C:\Users\cse21-050\.gradle\caches\modules-2\files-2.1\org.jetbrains.kotlin\kotlin-compiler-embeddable\1.7.20\8db18559a581dd2c36ddfd5046af145650f5b126\kotlin-compiler-embeddable-1.7.20.jar;C:\Users\cse21-050\.gradle\caches\modules-2\files-2.1\org.jetbrains.kotlin\kotlin-reflect\1.7.20\12b2501e33bb6373e8e347c86d85481863629381\kotlin-reflect-1.7.20.jar;C:\Users\cse21-050\.gradle\caches\modules-2\files-2.1\org.jetbrains.kotlin\kotlin-stdlib\1.7.20\726594ea9ba2beb2ee113647fefa9a10f9fabe52\kotlin-stdlib-1.7.20.jar;C:\Users\cse21-050\.gradle\caches\modules-2\files-2.1\org.jetbrains.kotlin\kotlin-script-runtime\1.7.20\bcd1cc6f865e632550357fcc59f5ffd532615a8\kotlin-script-runtime-1.7.20.jar;C:\Users\cse21-050\.gradle\caches\modules-2\files-2.1\org.jetbrains.kotlin\kotlin-daemon-embeddable\1.7.20\1e24355adad8d529d75d5b19eab55484057431ba\kotlin-daemon-embeddable-1.7.20.jar;C:\Users\cse21-050\.gradle\caches\modules-2\files-2.1\org.jetbrains.intellij.deps\trove4j\1.0.20200330\3afb14d5f9ceb459d724e907a21145e8ff394f02\trove4j-1.0.20200330.jar;C:\Users\cse21-050\.gradle\caches\modules-2\files-2.1\net.java.dev.jna\jna\5.6.0\330f2244e9030119ab3030fc3fededc86713d9cc\jna-5.6.0.jar;C:\Users\cse21-050\.gradle\caches\modules-2\files-2.1\org.jetbrains.kotlin\kotlin-stdlib-common\1.7.20\e15351bdaf9fa06f009be5da7a202e4184f00ae3\kotlin-stdlib-common-1.7.20.jar;C:\Users\cse21-050\.gradle\caches\modules-2\files-2.1\org.jetbrains\annotations\13.0\919f0dfe192fb4e063e7dacadee7f8bb9a2672a9\annotations-13.0.jar
Launcher Type: SUN_STANDARD

[Global flags]
     intx CICompilerCount                          = 4                                         {product} {ergonomic}
     uint ConcGCThreads                            = 2                                         {product} {ergonomic}
     uint G1ConcRefinementThreads                  = 8                                         {product} {ergonomic}
   size_t G1HeapRegionSize                         = 1048576                                   {product} {ergonomic}
    uintx GCDrainStackTargetSize                   = 64                                        {product} {ergonomic}
   size_t InitialHeapSize                          = 132120576                                 {product} {ergonomic}
   size_t MarkStackSize                            = 4194304                                   {product} {ergonomic}
   size_t MaxHeapSize                              = 2109734912                                {product} {ergonomic}
   size_t MinHeapDeltaBytes                        = 1048576                                   {product} {ergonomic}
    uintx NonNMethodCodeHeapSize                   = 5836300                                {pd product} {ergonomic}
    uintx NonProfiledCodeHeapSize                  = 122910970                              {pd product} {ergonomic}
    uintx ProfiledCodeHeapSize                     = 122910970                              {pd product} {ergonomic}
    uintx ReservedCodeCacheSize                    = 251658240                              {pd product} {ergonomic}
     bool SegmentedCodeCache                       = true                                      {product} {ergonomic}
     bool UseCompressedClassPointers               = true                                 {lp64_product} {ergonomic}
     bool UseCompressedOops                        = true                                 {lp64_product} {ergonomic}
     bool UseG1GC                                  = true                                      {product} {ergonomic}
     bool UseLargePagesIndividualAllocation        = false                                  {pd product} {ergonomic}

Logging:
Log output configuration:
 #0: stdout all=warning uptime,level,tags
 #1: stderr all=off uptime,level,tags

Environment Variables:
JAVA_HOME=C:\Program Files\Java\jdk-19
PATH=C:\Program Files\Common Files\Oracle\Java\javapath;C:\Program Files (x86)\Common Files\Oracle\Java\javapath;C:\WINDOWS\system32;C:\WINDOWS;C:\WINDOWS\System32\Wbem;C:\WINDOWS\System32\WindowsPowerShell\v1.0\;C:\WINDOWS\System32\OpenSSH\;C:\Program Files\Git\cmd;%JAVA_HOME%\bin;C:\Program Files\dotnet\;C:\Users\cse21-050\AppData\Local\Programs\Python\Python310\Scripts\;C:\Users\cse21-050\AppData\Local\Programs\Python\Python310\;C:\Users\cse21-050\AppData\Local\Microsoft\WindowsApps;C:\Program Files\JetBrains\IntelliJ IDEA Community Edition 2022.3.1\bin;;C:\Users\cse21-050\AppData\Local\Programs\Microsoft VS Code\bin;C:\Users\cse21-050\AppData\Local\GitHubDesktop\bin;C:\Users\cse21-050\.dotnet\tools
USERNAME=cse21-050
OS=Windows_NT
PROCESSOR_IDENTIFIER=Intel64 Family 6 Model 142 Stepping 12, GenuineIntel



---------------  S Y S T E M  ---------------

OS: Windows 11 , 64 bit Build 22621 (10.0.22621.963)
OS uptime: 0 days 3:41 hours
Hyper-V role detected

CPU:total 8 (initial active 8) (4 cores per cpu, 2 threads per core) family 6 model 142 stepping 12 microcode 0xf0, cmov, cx8, fxsr, mmx, sse, sse2, sse3, ssse3, sse4.1, sse4.2, popcnt, avx, avx2, aes, clmul, erms, 3dnowpref, lzcnt, ht, tsc, tscinvbit, bmi1, bmi2, adx, fma

Memory: 4k page, system-wide physical 8042M (146M free)
TotalPageFile size 10042M (AvailPageFile size 106M)
current process WorkingSet (physical memory assigned to process): 10M, peak: 10M
current process commit charge ("private bytes"): 60M, peak: 186M

vm_info: OpenJDK 64-Bit Server VM (11.0.13+0-b1751.21-8125866) for windows-amd64 JRE (11.0.13+0-b1751.21-8125866), built on Feb  2 2022 03:00:22 by "builder" with MS VC++ 14.0 (VS2015)

END.
